<?xml version="1.0" encoding="UTF-8"?>
<testsuite xmlns:xsi="http://www.w3.org/2001/XMLSchema-instance" xsi:schemaLocation="https://maven.apache.org/surefire/maven-surefire-plugin/xsd/surefire-test-report.xsd" name="org.codehaus.commons.compiler.tests.JlsTest" time="5.301" tests="148" errors="4" skipped="0" failures="2">
  <properties>
    <property name="java.runtime.name" value="Java(TM) SE Runtime Environment"/>
    <property name="sun.boot.library.path" value="C:\Program Files (x86)\Java\jdk1.7.0_21\jre\bin"/>
    <property name="java.vm.version" value="23.21-b01"/>
    <property name="java.vm.vendor" value="Oracle Corporation"/>
    <property name="maven.multiModuleProjectDirectory" value="C:\eclipse,away\eclipse-java-mars-R\${workspace_loc:\janino-parent}"/>
    <property name="java.vendor.url" value="http://java.oracle.com/"/>
    <property name="path.separator" value=";"/>
    <property name="guice.disable.misplaced.annotation.check" value="true"/>
    <property name="java.vm.name" value="Java HotSpot(TM) Client VM"/>
    <property name="file.encoding.pkg" value="sun.io"/>
    <property name="user.script" value=""/>
    <property name="user.country" value="DE"/>
    <property name="sun.java.launcher" value="SUN_STANDARD"/>
    <property name="sun.os.patch.level" value=""/>
    <property name="java.vm.specification.name" value="Java Virtual Machine Specification"/>
    <property name="user.dir" value="C:\workspaces\janino\janino-parent"/>
    <property name="java.runtime.version" value="1.7.0_21-b11"/>
    <property name="java.awt.graphicsenv" value="sun.awt.Win32GraphicsEnvironment"/>
    <property name="java.endorsed.dirs" value="C:\Program Files (x86)\Java\jdk1.7.0_21\jre\lib\endorsed"/>
    <property name="os.arch" value="x86"/>
    <property name="java.io.tmpdir" value="C:\Users\Arno\AppData\Local\Temp\"/>
    <property name="line.separator" value="&#10;"/>
    <property name="java.vm.specification.vendor" value="Oracle Corporation"/>
    <property name="user.variant" value=""/>
    <property name="os.name" value="Windows 8"/>
    <property name="classworlds.conf" value="C:\workspaces\janino\.metadata\.plugins\org.eclipse.m2e.launching\launches\m2conf2356561748966242609.tmp"/>
    <property name="sun.jnu.encoding" value="Cp1252"/>
    <property name="java.library.path" value="C:\Program Files (x86)\Java\jdk1.7.0_21\bin;C:\WINDOWS\Sun\Java\bin;C:\WINDOWS\system32;C:\WINDOWS;C:/Program Files/Java/jdk1.8.0_45/bin/../jre/bin/server;C:/Program Files/Java/jdk1.8.0_45/bin/../jre/bin;C:/Program Files/Java/jdk1.8.0_45/bin/../jre/lib/amd64;C:\ProgramData\Oracle\Java\javapath;C:\Program Files (x86)\Lenovo\FusionEngine;C:\Program Files (x86)\Intel\iCLS Client\;C:\Program Files\Intel\iCLS Client\;C:\WINDOWS\system32;C:\WINDOWS;C:\WINDOWS\System32\Wbem;C:\WINDOWS\System32\WindowsPowerShell\v1.0\;C:\Program Files\Intel\Intel(R) Management Engine Components\DAL;C:\Program Files\Intel\Intel(R) Management Engine Components\IPT;C:\Program Files (x86)\Intel\Intel(R) Management Engine Components\DAL;C:\Program Files (x86)\Intel\Intel(R) Management Engine Components\IPT;C:\Program Files\Intel\WiFi\bin\;C:\Program Files\Common Files\Intel\WirelessCommon\;C:\Program Files (x86)\Common Files\lenovo\easyplussdk\bin;C:\Program Files\sysinternal;C:\Program Files (x86)\QuickTime\QTSystem\;C:\Program Files (x86)\GNU\GnuPG\pub;C:\eclipse,away\eclipse-java-mars-R;;."/>
    <property name="java.specification.name" value="Java Platform API Specification"/>
    <property name="java.class.version" value="51.0"/>
    <property name="sun.management.compiler" value="HotSpot Client Compiler"/>
    <property name="os.version" value="6.2"/>
    <property name="user.home" value="C:\Users\Arno"/>
    <property name="user.timezone" value="Europe/Berlin"/>
    <property name="java.awt.printerjob" value="sun.awt.windows.WPrinterJob"/>
    <property name="java.specification.version" value="1.7"/>
    <property name="file.encoding" value="Cp1252"/>
    <property name="user.name" value="Arno"/>
    <property name="java.class.path" value="/C:/eclipse,away/eclipse-java-mars-R/plugins/org.eclipse.m2e.maven.runtime_1.6.0.20150526-2031/jars/plexus-classworlds-2.5.2.jar"/>
    <property name="java.vm.specification.version" value="1.7"/>
    <property name="sun.arch.data.model" value="32"/>
    <property name="java.home" value="C:\Program Files (x86)\Java\jdk1.7.0_21\jre"/>
    <property name="sun.java.command" value="org.codehaus.plexus.classworlds.launcher.Launcher -B install"/>
    <property name="java.specification.vendor" value="Oracle Corporation"/>
    <property name="user.language" value="de"/>
    <property name="awt.toolkit" value="sun.awt.windows.WToolkit"/>
    <property name="java.vm.info" value="mixed mode"/>
    <property name="java.version" value="1.7.0_21"/>
    <property name="java.ext.dirs" value="C:\Program Files (x86)\Java\jdk1.7.0_21\jre\lib\ext;C:\WINDOWS\Sun\Java\lib\ext"/>
    <property name="sun.boot.class.path" value="C:\Program Files (x86)\Java\jdk1.7.0_21\jre\lib\resources.jar;C:\Program Files (x86)\Java\jdk1.7.0_21\jre\lib\rt.jar;C:\Program Files (x86)\Java\jdk1.7.0_21\jre\lib\sunrsasign.jar;C:\Program Files (x86)\Java\jdk1.7.0_21\jre\lib\jsse.jar;C:\Program Files (x86)\Java\jdk1.7.0_21\jre\lib\jce.jar;C:\Program Files (x86)\Java\jdk1.7.0_21\jre\lib\charsets.jar;C:\Program Files (x86)\Java\jdk1.7.0_21\jre\lib\jfr.jar;C:\Program Files (x86)\Java\jdk1.7.0_21\jre\classes"/>
    <property name="java.vendor" value="Oracle Corporation"/>
    <property name="maven.home" value="C:\workspaces\janino\janino-parent\EMBEDDED"/>
    <property name="file.separator" value="\"/>
    <property name="java.vendor.url.bug" value="http://bugreport.sun.com/bugreport/"/>
    <property name="sun.cpu.endian" value="little"/>
    <property name="sun.io.unicode.encoding" value="UnicodeLittle"/>
    <property name="sun.desktop" value="windows"/>
    <property name="sun.cpu.isalist" value="pentium_pro+mmx pentium_pro pentium+mmx pentium i486 i386 i86"/>
  </properties>
  <testcase name="test_15_12_2_6__IdentifyApplicableVariableArityMethods__4[CompilerFactory=jdk]" classname="org.codehaus.commons.compiler.tests.JlsTest" time="0.016"/>
  <testcase name="test_9_7_4_Where_Annotations_May_Appear_field[CompilerFactory=jdk]" classname="org.codehaus.commons.compiler.tests.JlsTest" time="0.031"/>
  <testcase name="test_14_10__TheAssertStatement[CompilerFactory=jdk]" classname="org.codehaus.commons.compiler.tests.JlsTest" time="0.016">
    <failure message="expected null, but was:&lt;nope&gt;" type="java.lang.AssertionError"><![CDATA[java.lang.AssertionError: expected null, but was:<nope>
	at org.codehaus.commons.compiler.tests.JlsTest.test_14_10__TheAssertStatement(JlsTest.java:859)
]]></failure>
  </testcase>
  <testcase name="test_3_10_1__IntegerLiterals_octal[CompilerFactory=jdk]" classname="org.codehaus.commons.compiler.tests.JlsTest" time="0.031"/>
  <testcase name="test_15_12__MethodInvocationExpressions[CompilerFactory=jdk]" classname="org.codehaus.commons.compiler.tests.JlsTest" time="0.016"/>
  <testcase name="test_5_1_8__UnboxingConversion[CompilerFactory=jdk]" classname="org.codehaus.commons.compiler.tests.JlsTest" time="0.14"/>
  <testcase name="test_3_10_2__FloatingPointLiterals_hexadecimal[CompilerFactory=jdk]" classname="org.codehaus.commons.compiler.tests.JlsTest" time="0.11"/>
  <testcase name="test_9_7_3_Single_Element_Annotations[CompilerFactory=jdk]" classname="org.codehaus.commons.compiler.tests.JlsTest" time="0.031"/>
  <testcase name="test_3_10_5__StringLiterals[CompilerFactory=jdk]" classname="org.codehaus.commons.compiler.tests.JlsTest" time="0.047"/>
  <testcase name="test_3_10_4__CharacterLiterals[CompilerFactory=jdk]" classname="org.codehaus.commons.compiler.tests.JlsTest" time="0.047"/>
  <testcase name="test_3_10_1__IntegerLiterals_hex[CompilerFactory=jdk]" classname="org.codehaus.commons.compiler.tests.JlsTest" time="0"/>
  <testcase name="test_15_9__ClassInstanceCreationExpressions[CompilerFactory=jdk]" classname="org.codehaus.commons.compiler.tests.JlsTest" time="0.234"/>
  <testcase name="test_15_18__AdditiveOperators[CompilerFactory=jdk]" classname="org.codehaus.commons.compiler.tests.JlsTest" time="0.234">
    <error message="Line 1, Column 0: simplecompiler:1: constant string too long (compiler.err.limit.string)" type="org.codehaus.commons.compiler.CompileException">org.codehaus.commons.compiler.CompileException: Line 1, Column 0: simplecompiler:1: constant string too long (compiler.err.limit.string)
	at org.codehaus.commons.compiler.tests.JlsTest.test_15_18__AdditiveOperators(JlsTest.java:1491)
</error>
  </testcase>
  <testcase name="test_5_1_7__BoxingConversion[CompilerFactory=jdk]" classname="org.codehaus.commons.compiler.tests.JlsTest" time="0.141"/>
  <testcase name="test_3_11__Separators[CompilerFactory=jdk]" classname="org.codehaus.commons.compiler.tests.JlsTest" time="0"/>
  <testcase name="test_14_3__LocalClassDeclarations[CompilerFactory=jdk]" classname="org.codehaus.commons.compiler.tests.JlsTest" time="0.016"/>
  <testcase name="test_15_2_2_5_ChoosingTheMostSpecificVarargMethod_1[CompilerFactory=jdk]" classname="org.codehaus.commons.compiler.tests.JlsTest" time="0.015"/>
  <testcase name="test_3_10_3__BooleanLiterals[CompilerFactory=jdk]" classname="org.codehaus.commons.compiler.tests.JlsTest" time="0.016"/>
  <testcase name="test_9_6_Annotation_Types[CompilerFactory=jdk]" classname="org.codehaus.commons.compiler.tests.JlsTest" time="0.015"/>
  <testcase name="test_3_10_2__FloatingPointLiterals_underscores[CompilerFactory=jdk]" classname="org.codehaus.commons.compiler.tests.JlsTest" time="0.002">
    <error message="Line 1, Column 0: simplecompiler:1: &apos;;&apos; expected (compiler.err.expected)" type="org.codehaus.commons.compiler.CompileException">org.codehaus.commons.compiler.CompileException: Line 1, Column 0: simplecompiler:1: ';' expected (compiler.err.expected)
	at org.codehaus.commons.compiler.tests.JlsTest.test_3_10_2__FloatingPointLiterals_underscores(JlsTest.java:223)
</error>
  </testcase>
  <testcase name="test_14_11__TheSwitchStatement_enum[CompilerFactory=jdk]" classname="org.codehaus.commons.compiler.tests.JlsTest" time="0.016"/>
  <testcase name="test_15_15__UnaryOperators[CompilerFactory=jdk]" classname="org.codehaus.commons.compiler.tests.JlsTest" time="0.125"/>
  <testcase name="test_5_5__CastingConversion[CompilerFactory=jdk]" classname="org.codehaus.commons.compiler.tests.JlsTest" time="0.094"/>
  <testcase name="test_7_5__ImportDeclarations[CompilerFactory=jdk]" classname="org.codehaus.commons.compiler.tests.JlsTest" time="0.281"/>
  <testcase name="test_5_6__NumberPromotions[CompilerFactory=jdk]" classname="org.codehaus.commons.compiler.tests.JlsTest" time="0.203"/>
  <testcase name="test_3_10_2__FloatingPointLiterals_double[CompilerFactory=jdk]" classname="org.codehaus.commons.compiler.tests.JlsTest" time="0.031"/>
  <testcase name="test_3_10_1__IntegerLiterals_decimal[CompilerFactory=jdk]" classname="org.codehaus.commons.compiler.tests.JlsTest" time="0.032"/>
  <testcase name="test_3_10_6__EscapeSequencesForCharacterAndStringLiterals[CompilerFactory=jdk]" classname="org.codehaus.commons.compiler.tests.JlsTest" time="0.218"/>
  <testcase name="test_3_10_1__IntegerLiterals_long_range[CompilerFactory=jdk]" classname="org.codehaus.commons.compiler.tests.JlsTest" time="0.047"/>
  <testcase name="test_15_22__BitwiseAndLogicalOperators[CompilerFactory=jdk]" classname="org.codehaus.commons.compiler.tests.JlsTest" time="0.031"/>
  <testcase name="test_3_10_1__IntegerLiterals_underscores[CompilerFactory=jdk]" classname="org.codehaus.commons.compiler.tests.JlsTest" time="0">
    <error message="Line 1, Column 0: simplecompiler:1: &apos;;&apos; expected (compiler.err.expected)" type="org.codehaus.commons.compiler.CompileException">org.codehaus.commons.compiler.CompileException: Line 1, Column 0: simplecompiler:1: ';' expected (compiler.err.expected)
	at org.codehaus.commons.compiler.tests.JlsTest.test_3_10_1__IntegerLiterals_underscores(JlsTest.java:183)
</error>
  </testcase>
  <testcase name="test_15_20__RelationOperators[CompilerFactory=jdk]" classname="org.codehaus.commons.compiler.tests.JlsTest" time="0.016"/>
  <testcase name="test_14_20_1__ExecutionOfTryCatch__1[CompilerFactory=jdk]" classname="org.codehaus.commons.compiler.tests.JlsTest" time="0.016"/>
  <testcase name="test_14_20_1__ExecutionOfTryCatch__2[CompilerFactory=jdk]" classname="org.codehaus.commons.compiler.tests.JlsTest" time="0"/>
  <testcase name="test_14_20_1__ExecutionOfTryCatch__3[CompilerFactory=jdk]" classname="org.codehaus.commons.compiler.tests.JlsTest" time="0.015"/>
  <testcase name="test_14_20_1__ExecutionOfTryCatch__4[CompilerFactory=jdk]" classname="org.codehaus.commons.compiler.tests.JlsTest" time="0.016">
    <failure message="Should have issued an error, but compiled successfully" type="java.lang.AssertionError">java.lang.AssertionError: Should have issued an error, but compiled successfully
	at org.codehaus.commons.compiler.tests.JlsTest.test_14_20_1__ExecutionOfTryCatch__4(JlsTest.java:1040)
</failure>
  </testcase>
  <testcase name="test_14_20_1__ExecutionOfTryCatch__5[CompilerFactory=jdk]" classname="org.codehaus.commons.compiler.tests.JlsTest" time="0.016"/>
  <testcase name="test_14_20_1__ExecutionOfTryCatch__6[CompilerFactory=jdk]" classname="org.codehaus.commons.compiler.tests.JlsTest" time="0.015"/>
  <testcase name="test_15_26__AssignmentOperators[CompilerFactory=jdk]" classname="org.codehaus.commons.compiler.tests.JlsTest" time="0.125"/>
  <testcase name="test_4_5_1__TypeArgumentsAndWildcards[CompilerFactory=jdk]" classname="org.codehaus.commons.compiler.tests.JlsTest" time="0.016"/>
  <testcase name="test_9_7_4_Where_Annotations_May_Appear_method[CompilerFactory=jdk]" classname="org.codehaus.commons.compiler.tests.JlsTest" time="0.016"/>
  <testcase name="test_15_25__ConditionalOperator[CompilerFactory=jdk]" classname="org.codehaus.commons.compiler.tests.JlsTest" time="0.39"/>
  <testcase name="test_14_14_2_2__TheEnhancedForStatement_Array[CompilerFactory=jdk]" classname="org.codehaus.commons.compiler.tests.JlsTest" time="0.094"/>
  <testcase name="test_15_17__MultiplicativeOperators[CompilerFactory=jdk]" classname="org.codehaus.commons.compiler.tests.JlsTest" time="0.016"/>
  <testcase name="test_3_10_1__IntegerLiterals_int_range[CompilerFactory=jdk]" classname="org.codehaus.commons.compiler.tests.JlsTest" time="0.109"/>
  <testcase name="test_3_10_1__IntegerLiterals_binary[CompilerFactory=jdk]" classname="org.codehaus.commons.compiler.tests.JlsTest" time="0">
    <error message="Line 1, Column 0: simplecompiler:1: &apos;;&apos; expected (compiler.err.expected)" type="org.codehaus.commons.compiler.CompileException">org.codehaus.commons.compiler.CompileException: Line 1, Column 0: simplecompiler:1: ';' expected (compiler.err.expected)
	at org.codehaus.commons.compiler.tests.JlsTest.test_3_10_1__IntegerLiterals_binary(JlsTest.java:163)
</error>
  </testcase>
  <testcase name="test_3_10_2__FloatingPointLiterals_float[CompilerFactory=jdk]" classname="org.codehaus.commons.compiler.tests.JlsTest" time="0.125"/>
  <testcase name="test_15_12_2_4__Phase3IdentifyApplicableVariableArityMethods__1[CompilerFactory=jdk]" classname="org.codehaus.commons.compiler.tests.JlsTest" time="0.031"/>
  <testcase name="test_15_12_2_4__Phase3IdentifyApplicableVariableArityMethods__2[CompilerFactory=jdk]" classname="org.codehaus.commons.compiler.tests.JlsTest" time="0.032"/>
  <testcase name="test_15_12_2_4__Phase3IdentifyApplicableVariableArityMethods__3[CompilerFactory=jdk]" classname="org.codehaus.commons.compiler.tests.JlsTest" time="0"/>
  <testcase name="test_15_12_2_4__Phase3IdentifyApplicableVariableArityMethods__4[CompilerFactory=jdk]" classname="org.codehaus.commons.compiler.tests.JlsTest" time="0.015"/>
  <testcase name="test_8_9__Enums__valueOf[CompilerFactory=jdk]" classname="org.codehaus.commons.compiler.tests.JlsTest" time="0.063"/>
  <testcase name="test_8_9__Enums__1[CompilerFactory=jdk]" classname="org.codehaus.commons.compiler.tests.JlsTest" time="0.031"/>
  <testcase name="test_8_9__Enums__2[CompilerFactory=jdk]" classname="org.codehaus.commons.compiler.tests.JlsTest" time="0.031"/>
  <testcase name="test_14_21__UnreachableStatements[CompilerFactory=jdk]" classname="org.codehaus.commons.compiler.tests.JlsTest" time="0.016"/>
  <testcase name="test_9_7_2_Marker_Annotations[CompilerFactory=jdk]" classname="org.codehaus.commons.compiler.tests.JlsTest" time="0.015"/>
  <testcase name="test_8_9__Enums__values[CompilerFactory=jdk]" classname="org.codehaus.commons.compiler.tests.JlsTest" time="0.016"/>
  <testcase name="test_14_14_2_1__TheEnhancedForStatement_Iterable[CompilerFactory=jdk]" classname="org.codehaus.commons.compiler.tests.JlsTest" time="0.031"/>
  <testcase name="test_3_12__Operators[CompilerFactory=jdk]" classname="org.codehaus.commons.compiler.tests.JlsTest" time="0"/>
  <testcase name="test_8_1_2__Generic_Classes_and_Type_Parameters[CompilerFactory=jdk]" classname="org.codehaus.commons.compiler.tests.JlsTest" time="0.016"/>
  <testcase name="test_15_12_2_7__IdentifyApplicableVariableArityMethods__4[CompilerFactory=jdk]" classname="org.codehaus.commons.compiler.tests.JlsTest" time="0"/>
  <testcase name="test_15_14__PostfixExpressions[CompilerFactory=jdk]" classname="org.codehaus.commons.compiler.tests.JlsTest" time="0.094"/>
  <testcase name="test_5_2__AssignmentConversion[CompilerFactory=jdk]" classname="org.codehaus.commons.compiler.tests.JlsTest" time="0.218"/>
  <testcase name="test_3_10_7__TheNullLiteral[CompilerFactory=jdk]" classname="org.codehaus.commons.compiler.tests.JlsTest" time="0.016"/>
  <testcase name="test_14_8__ExpressionStatements[CompilerFactory=jdk]" classname="org.codehaus.commons.compiler.tests.JlsTest" time="0.031"/>
  <testcase name="test_15_24__ConditionalOrOperator[CompilerFactory=jdk]" classname="org.codehaus.commons.compiler.tests.JlsTest" time="0.032"/>
  <testcase name="test_14_11__TheSwitchStatement[CompilerFactory=jdk]" classname="org.codehaus.commons.compiler.tests.JlsTest" time="0.062"/>
  <testcase name="test_9_7_1_Normal_Annotations1[CompilerFactory=jdk]" classname="org.codehaus.commons.compiler.tests.JlsTest" time="0.016"/>
  <testcase name="test_9_7_1_Normal_Annotations2[CompilerFactory=jdk]" classname="org.codehaus.commons.compiler.tests.JlsTest" time="0.047"/>
  <testcase name="test_8_4_8_3__Requirements_in_Overriding_and_Hiding[CompilerFactory=jdk]" classname="org.codehaus.commons.compiler.tests.JlsTest" time="0.031"/>
  <testcase name="test_15_21__EqualityOperators[CompilerFactory=jdk]" classname="org.codehaus.commons.compiler.tests.JlsTest" time="0.125"/>
  <testcase name="test_15_11__FieldAccessExpressions[CompilerFactory=jdk]" classname="org.codehaus.commons.compiler.tests.JlsTest" time="0.015"/>
  <testcase name="test_3__LexicalStructure[CompilerFactory=jdk]" classname="org.codehaus.commons.compiler.tests.JlsTest" time="0.235"/>
  <testcase name="test_15_23__ConditionalAndOperator[CompilerFactory=jdk]" classname="org.codehaus.commons.compiler.tests.JlsTest" time="0.016"/>
  <testcase name="test_15_12_2_6__IdentifyApplicableVariableArityMethods__4[CompilerFactory=janino]" classname="org.codehaus.commons.compiler.tests.JlsTest" time="0"/>
  <testcase name="test_9_7_4_Where_Annotations_May_Appear_field[CompilerFactory=janino]" classname="org.codehaus.commons.compiler.tests.JlsTest" time="0.015"/>
  <testcase name="test_14_10__TheAssertStatement[CompilerFactory=janino]" classname="org.codehaus.commons.compiler.tests.JlsTest" time="0.016"/>
  <testcase name="test_3_10_1__IntegerLiterals_octal[CompilerFactory=janino]" classname="org.codehaus.commons.compiler.tests.JlsTest" time="0"/>
  <testcase name="test_15_12__MethodInvocationExpressions[CompilerFactory=janino]" classname="org.codehaus.commons.compiler.tests.JlsTest" time="0"/>
  <testcase name="test_5_1_8__UnboxingConversion[CompilerFactory=janino]" classname="org.codehaus.commons.compiler.tests.JlsTest" time="0.016"/>
  <testcase name="test_3_10_2__FloatingPointLiterals_hexadecimal[CompilerFactory=janino]" classname="org.codehaus.commons.compiler.tests.JlsTest" time="0.015"/>
  <testcase name="test_9_7_3_Single_Element_Annotations[CompilerFactory=janino]" classname="org.codehaus.commons.compiler.tests.JlsTest" time="0"/>
  <testcase name="test_3_10_5__StringLiterals[CompilerFactory=janino]" classname="org.codehaus.commons.compiler.tests.JlsTest" time="0.016"/>
  <testcase name="test_3_10_4__CharacterLiterals[CompilerFactory=janino]" classname="org.codehaus.commons.compiler.tests.JlsTest" time="0"/>
  <testcase name="test_3_10_1__IntegerLiterals_hex[CompilerFactory=janino]" classname="org.codehaus.commons.compiler.tests.JlsTest" time="0"/>
  <testcase name="test_15_9__ClassInstanceCreationExpressions[CompilerFactory=janino]" classname="org.codehaus.commons.compiler.tests.JlsTest" time="0.047"/>
  <testcase name="test_15_18__AdditiveOperators[CompilerFactory=janino]" classname="org.codehaus.commons.compiler.tests.JlsTest" time="0.187"/>
  <testcase name="test_5_1_7__BoxingConversion[CompilerFactory=janino]" classname="org.codehaus.commons.compiler.tests.JlsTest" time="0.016"/>
  <testcase name="test_3_11__Separators[CompilerFactory=janino]" classname="org.codehaus.commons.compiler.tests.JlsTest" time="0"/>
  <testcase name="test_14_3__LocalClassDeclarations[CompilerFactory=janino]" classname="org.codehaus.commons.compiler.tests.JlsTest" time="0"/>
  <testcase name="test_15_2_2_5_ChoosingTheMostSpecificVarargMethod_1[CompilerFactory=janino]" classname="org.codehaus.commons.compiler.tests.JlsTest" time="0"/>
  <testcase name="test_3_10_3__BooleanLiterals[CompilerFactory=janino]" classname="org.codehaus.commons.compiler.tests.JlsTest" time="0.015"/>
  <testcase name="test_9_6_Annotation_Types[CompilerFactory=janino]" classname="org.codehaus.commons.compiler.tests.JlsTest" time="0"/>
  <testcase name="test_3_10_2__FloatingPointLiterals_underscores[CompilerFactory=janino]" classname="org.codehaus.commons.compiler.tests.JlsTest" time="0.006"/>
  <testcase name="test_14_11__TheSwitchStatement_enum[CompilerFactory=janino]" classname="org.codehaus.commons.compiler.tests.JlsTest" time="0.001"/>
  <testcase name="test_15_15__UnaryOperators[CompilerFactory=janino]" classname="org.codehaus.commons.compiler.tests.JlsTest" time="0"/>
  <testcase name="test_5_5__CastingConversion[CompilerFactory=janino]" classname="org.codehaus.commons.compiler.tests.JlsTest" time="0.015"/>
  <testcase name="test_7_5__ImportDeclarations[CompilerFactory=janino]" classname="org.codehaus.commons.compiler.tests.JlsTest" time="0.032"/>
  <testcase name="test_5_6__NumberPromotions[CompilerFactory=janino]" classname="org.codehaus.commons.compiler.tests.JlsTest" time="0"/>
  <testcase name="test_3_10_2__FloatingPointLiterals_double[CompilerFactory=janino]" classname="org.codehaus.commons.compiler.tests.JlsTest" time="0.016"/>
  <testcase name="test_3_10_1__IntegerLiterals_decimal[CompilerFactory=janino]" classname="org.codehaus.commons.compiler.tests.JlsTest" time="0"/>
  <testcase name="test_3_10_6__EscapeSequencesForCharacterAndStringLiterals[CompilerFactory=janino]" classname="org.codehaus.commons.compiler.tests.JlsTest" time="0"/>
  <testcase name="test_3_10_1__IntegerLiterals_long_range[CompilerFactory=janino]" classname="org.codehaus.commons.compiler.tests.JlsTest" time="0.015"/>
  <testcase name="test_15_22__BitwiseAndLogicalOperators[CompilerFactory=janino]" classname="org.codehaus.commons.compiler.tests.JlsTest" time="0"/>
  <testcase name="test_3_10_1__IntegerLiterals_underscores[CompilerFactory=janino]" classname="org.codehaus.commons.compiler.tests.JlsTest" time="0"/>
  <testcase name="test_15_20__RelationOperators[CompilerFactory=janino]" classname="org.codehaus.commons.compiler.tests.JlsTest" time="0"/>
  <testcase name="test_14_20_1__ExecutionOfTryCatch__1[CompilerFactory=janino]" classname="org.codehaus.commons.compiler.tests.JlsTest" time="0"/>
  <testcase name="test_14_20_1__ExecutionOfTryCatch__2[CompilerFactory=janino]" classname="org.codehaus.commons.compiler.tests.JlsTest" time="0"/>
  <testcase name="test_14_20_1__ExecutionOfTryCatch__3[CompilerFactory=janino]" classname="org.codehaus.commons.compiler.tests.JlsTest" time="0"/>
  <testcase name="test_14_20_1__ExecutionOfTryCatch__4[CompilerFactory=janino]" classname="org.codehaus.commons.compiler.tests.JlsTest" time="0.016"/>
  <testcase name="test_14_20_1__ExecutionOfTryCatch__5[CompilerFactory=janino]" classname="org.codehaus.commons.compiler.tests.JlsTest" time="0"/>
  <testcase name="test_14_20_1__ExecutionOfTryCatch__6[CompilerFactory=janino]" classname="org.codehaus.commons.compiler.tests.JlsTest" time="0.016"/>
  <testcase name="test_15_26__AssignmentOperators[CompilerFactory=janino]" classname="org.codehaus.commons.compiler.tests.JlsTest" time="0"/>
  <testcase name="test_4_5_1__TypeArgumentsAndWildcards[CompilerFactory=janino]" classname="org.codehaus.commons.compiler.tests.JlsTest" time="0"/>
  <testcase name="test_9_7_4_Where_Annotations_May_Appear_method[CompilerFactory=janino]" classname="org.codehaus.commons.compiler.tests.JlsTest" time="0"/>
  <testcase name="test_15_25__ConditionalOperator[CompilerFactory=janino]" classname="org.codehaus.commons.compiler.tests.JlsTest" time="0.063"/>
  <testcase name="test_14_14_2_2__TheEnhancedForStatement_Array[CompilerFactory=janino]" classname="org.codehaus.commons.compiler.tests.JlsTest" time="0.015"/>
  <testcase name="test_15_17__MultiplicativeOperators[CompilerFactory=janino]" classname="org.codehaus.commons.compiler.tests.JlsTest" time="0"/>
  <testcase name="test_3_10_1__IntegerLiterals_int_range[CompilerFactory=janino]" classname="org.codehaus.commons.compiler.tests.JlsTest" time="0"/>
  <testcase name="test_3_10_1__IntegerLiterals_binary[CompilerFactory=janino]" classname="org.codehaus.commons.compiler.tests.JlsTest" time="0.016"/>
  <testcase name="test_3_10_2__FloatingPointLiterals_float[CompilerFactory=janino]" classname="org.codehaus.commons.compiler.tests.JlsTest" time="0.016"/>
  <testcase name="test_15_12_2_4__Phase3IdentifyApplicableVariableArityMethods__1[CompilerFactory=janino]" classname="org.codehaus.commons.compiler.tests.JlsTest" time="0"/>
  <testcase name="test_15_12_2_4__Phase3IdentifyApplicableVariableArityMethods__2[CompilerFactory=janino]" classname="org.codehaus.commons.compiler.tests.JlsTest" time="0"/>
  <testcase name="test_15_12_2_4__Phase3IdentifyApplicableVariableArityMethods__3[CompilerFactory=janino]" classname="org.codehaus.commons.compiler.tests.JlsTest" time="0"/>
  <testcase name="test_15_12_2_4__Phase3IdentifyApplicableVariableArityMethods__4[CompilerFactory=janino]" classname="org.codehaus.commons.compiler.tests.JlsTest" time="0"/>
  <testcase name="test_8_9__Enums__valueOf[CompilerFactory=janino]" classname="org.codehaus.commons.compiler.tests.JlsTest" time="0.031"/>
  <testcase name="test_8_9__Enums__1[CompilerFactory=janino]" classname="org.codehaus.commons.compiler.tests.JlsTest" time="0"/>
  <testcase name="test_8_9__Enums__2[CompilerFactory=janino]" classname="org.codehaus.commons.compiler.tests.JlsTest" time="0"/>
  <testcase name="test_14_21__UnreachableStatements[CompilerFactory=janino]" classname="org.codehaus.commons.compiler.tests.JlsTest" time="0"/>
  <testcase name="test_9_7_2_Marker_Annotations[CompilerFactory=janino]" classname="org.codehaus.commons.compiler.tests.JlsTest" time="0.016"/>
  <testcase name="test_8_9__Enums__values[CompilerFactory=janino]" classname="org.codehaus.commons.compiler.tests.JlsTest" time="0"/>
  <testcase name="test_14_14_2_1__TheEnhancedForStatement_Iterable[CompilerFactory=janino]" classname="org.codehaus.commons.compiler.tests.JlsTest" time="0.031"/>
  <testcase name="test_3_12__Operators[CompilerFactory=janino]" classname="org.codehaus.commons.compiler.tests.JlsTest" time="0"/>
  <testcase name="test_8_1_2__Generic_Classes_and_Type_Parameters[CompilerFactory=janino]" classname="org.codehaus.commons.compiler.tests.JlsTest" time="0"/>
  <testcase name="test_15_12_2_7__IdentifyApplicableVariableArityMethods__4[CompilerFactory=janino]" classname="org.codehaus.commons.compiler.tests.JlsTest" time="0"/>
  <testcase name="test_15_14__PostfixExpressions[CompilerFactory=janino]" classname="org.codehaus.commons.compiler.tests.JlsTest" time="0"/>
  <testcase name="test_5_2__AssignmentConversion[CompilerFactory=janino]" classname="org.codehaus.commons.compiler.tests.JlsTest" time="0.031"/>
  <testcase name="test_3_10_7__TheNullLiteral[CompilerFactory=janino]" classname="org.codehaus.commons.compiler.tests.JlsTest" time="0"/>
  <testcase name="test_14_8__ExpressionStatements[CompilerFactory=janino]" classname="org.codehaus.commons.compiler.tests.JlsTest" time="0"/>
  <testcase name="test_15_24__ConditionalOrOperator[CompilerFactory=janino]" classname="org.codehaus.commons.compiler.tests.JlsTest" time="0"/>
  <testcase name="test_14_11__TheSwitchStatement[CompilerFactory=janino]" classname="org.codehaus.commons.compiler.tests.JlsTest" time="0.016"/>
  <testcase name="test_9_7_1_Normal_Annotations1[CompilerFactory=janino]" classname="org.codehaus.commons.compiler.tests.JlsTest" time="0"/>
  <testcase name="test_9_7_1_Normal_Annotations2[CompilerFactory=janino]" classname="org.codehaus.commons.compiler.tests.JlsTest" time="0.015"/>
  <testcase name="test_8_4_8_3__Requirements_in_Overriding_and_Hiding[CompilerFactory=janino]" classname="org.codehaus.commons.compiler.tests.JlsTest" time="0.016"/>
  <testcase name="test_15_21__EqualityOperators[CompilerFactory=janino]" classname="org.codehaus.commons.compiler.tests.JlsTest" time="0.016"/>
  <testcase name="test_15_11__FieldAccessExpressions[CompilerFactory=janino]" classname="org.codehaus.commons.compiler.tests.JlsTest" time="0"/>
  <testcase name="test_3__LexicalStructure[CompilerFactory=janino]" classname="org.codehaus.commons.compiler.tests.JlsTest" time="0.015"/>
  <testcase name="test_15_23__ConditionalAndOperator[CompilerFactory=janino]" classname="org.codehaus.commons.compiler.tests.JlsTest" time="0.016"/>
</testsuite>